Jul 29, 2015 7:42:03 PM org.apache.catalina.core.ApplicationContext log
INFORMA합ES: HTMLManager: init: Associated with Deployer 'Catalina:type=Deployer,host=localhost'
Jul 29, 2015 7:42:03 PM org.apache.catalina.core.ApplicationContext log
INFORMA합ES: HTMLManager: init: Global resources are available
Jul 29, 2015 7:42:03 PM org.apache.catalina.core.ApplicationContext log
INFORMA합ES: HTMLManager: list: Listing contexts for virtual host 'localhost'
Jul 29, 2015 7:42:42 PM org.apache.catalina.core.ApplicationContext log
INFORMA합ES: HTMLManager: list: Listing contexts for virtual host 'localhost'
Jul 29, 2015 7:44:40 PM org.apache.catalina.core.ApplicationContext log
INFORMA합ES: HTMLManager: init: Associated with Deployer 'Catalina:type=Deployer,host=localhost'
Jul 29, 2015 7:44:40 PM org.apache.catalina.core.ApplicationContext log
INFORMA합ES: HTMLManager: init: Global resources are available
Jul 29, 2015 7:44:40 PM org.apache.catalina.core.ApplicationContext log
INFORMA합ES: HTMLManager: list: Listing contexts for virtual host 'localhost'
Jul 29, 2015 7:50:02 PM org.apache.catalina.core.ApplicationContext log
INFORMA합ES: HTMLManager: init: Associated with Deployer 'Catalina:type=Deployer,host=localhost'
Jul 29, 2015 7:50:02 PM org.apache.catalina.core.ApplicationContext log
INFORMA합ES: HTMLManager: init: Global resources are available
Jul 29, 2015 7:50:03 PM org.apache.catalina.core.ApplicationContext log
INFORMA합ES: HTMLManager: list: Listing contexts for virtual host 'localhost'
Jul 29, 2015 7:52:28 PM org.apache.catalina.core.ApplicationContext log
INFORMA합ES: HTMLManager: list: Listing contexts for virtual host 'localhost'
Jul 29, 2015 7:55:06 PM org.apache.catalina.core.ApplicationContext log
INFORMA합ES: HTMLManager: init: Associated with Deployer 'Catalina:type=Deployer,host=localhost'
Jul 29, 2015 7:55:06 PM org.apache.catalina.core.ApplicationContext log
INFORMA합ES: HTMLManager: init: Global resources are available
Jul 29, 2015 7:55:06 PM org.apache.catalina.core.ApplicationContext log
INFORMA합ES: HTMLManager: list: Listing contexts for virtual host 'localhost'
Jul 29, 2015 7:55:29 PM org.apache.catalina.core.ApplicationContext log
INFORMA합ES: HTMLManager: undeploy: Undeploying web application at '/erm'
Jul 29, 2015 7:55:30 PM org.apache.catalina.core.ApplicationContext log
INFORMA합ES: HTMLManager: list: Listing contexts for virtual host 'localhost'
Jul 29, 2015 7:55:43 PM org.apache.catalina.core.ApplicationContext log
INFORMA합ES: HTMLManager: list: Listing contexts for virtual host 'localhost'
Jul 29, 2015 7:55:47 PM org.apache.catalina.core.ApplicationContext log
INFORMA합ES: HTMLManager: undeploy: Undeploying web application at '/erm'
Jul 29, 2015 7:55:47 PM org.apache.catalina.core.ApplicationContext log
INFORMA합ES: HTMLManager: list: Listing contexts for virtual host 'localhost'
Jul 29, 2015 7:57:15 PM org.apache.catalina.core.ApplicationContext log
INFORMA합ES: HTMLManager: init: Associated with Deployer 'Catalina:type=Deployer,host=localhost'
Jul 29, 2015 7:57:15 PM org.apache.catalina.core.ApplicationContext log
INFORMA합ES: HTMLManager: init: Global resources are available
Jul 29, 2015 7:57:15 PM org.apache.catalina.core.ApplicationContext log
INFORMA합ES: HTMLManager: list: Listing contexts for virtual host 'localhost'
